<?xml version="1.0" encoding="UTF-8"?>
<testng-results skipped="0" failed="0" ignored="0" total="1" passed="1">
  <reporter-output>
  </reporter-output>
  <suite name="Default suite" duration-ms="10833" started-at="2023-02-08T13:56:42Z" finished-at="2023-02-08T13:56:53Z">
    <groups>
    </groups>
    <test name="Default test" duration-ms="10833" started-at="2023-02-08T13:56:42Z" finished-at="2023-02-08T13:56:53Z">
      <class name="com.basics.SelectCs">
        <test-method status="PASS" signature="withoutselectcls()[pri:0, instance:com.basics.SelectCs@6646153]" name="withoutselectcls" duration-ms="10792" started-at="2023-02-08T13:56:42Z" finished-at="2023-02-08T13:56:53Z">
          <reporter-output>
          </reporter-output>
        </test-method> <!-- withoutselectcls -->
      </class> <!-- com.basics.SelectCs -->
    </test> <!-- Default test -->
  </suite> <!-- Default suite -->
</testng-results>
